<?xml version="1.0" encoding="UTF-8"?>
<!-- Generated by org.testng.reporters.JUnitReportReporter -->
<testsuite hostname="reeja-PC" name="com.webdrivers.TestdragAnddrop" tests="1" failures="0" timestamp="20 Jul 2021 11:19:04 GMT" time="11.369" errors="0">
  <testcase name="draganddrop" time="11.369" classname="com.webdrivers.TestdragAnddrop"/>
</testsuite> <!-- com.webdrivers.TestdragAnddrop -->
