<?xml version="1.0" encoding="UTF-8"?>
<!-- Generated by org.testng.reporters.JUnitReportReporter -->
<testsuite hostname="reeja-PC" name="com.webdrivers.Test3" tests="1" failures="0" timestamp="16 Jul 2021 05:29:53 GMT" time="8.148" errors="0">
  <testcase name="framescript" time="8.148" classname="com.webdrivers.Test3"/>
</testsuite> <!-- com.webdrivers.Test3 -->
