<?xml version="1.0" encoding="UTF-8"?>
<!-- Generated by org.testng.reporters.JUnitReportReporter -->
<testsuite hostname="reeja-PC" name="com.webdrivers.Alert_popup" tests="1" failures="0" timestamp="19 Jul 2021 08:36:09 GMT" time="8.635" errors="0">
  <testcase name="popupscript" time="8.635" classname="com.webdrivers.Alert_popup"/>
</testsuite> <!-- com.webdrivers.Alert_popup -->
