<?xml version="1.0" encoding="UTF-8"?>
<!-- Generated by org.testng.reporters.JUnitReportReporter -->
<testsuite hostname="reeja-PC" name="com.webdrivers.TestFluentWait" tests="1" failures="0" timestamp="17 Jul 2021 06:50:16 GMT" time="18.676" errors="0">
  <testcase name="testfluentwaitscript" time="18.676" classname="com.webdrivers.TestFluentWait"/>
</testsuite> <!-- com.webdrivers.TestFluentWait -->
