<?xml version="1.0" encoding="UTF-8"?>
<!-- Generated by org.testng.reporters.JUnitReportReporter -->
<testsuite hostname="reeja-PC" name="com.webdrivers.GetCommands" tests="1" failures="0" timestamp="16 Jul 2021 16:06:03 GMT" time="4.831" errors="0">
  <testcase name="commands1" time="4.831" classname="com.webdrivers.GetCommands"/>
</testsuite> <!-- com.webdrivers.GetCommands -->
