<?xml version="1.0" encoding="UTF-8"?>
<!-- Generated by org.testng.reporters.JUnitReportReporter -->
<testsuite hostname="reeja-PC" name="com.webdrivers.Edit" tests="1" failures="0" timestamp="14 Jul 2021 10:27:43 GMT" time="9.208" errors="0">
  <testcase name="script1" time="9.208" classname="com.webdrivers.Edit"/>
</testsuite> <!-- com.webdrivers.Edit -->
