<?xml version="1.0" encoding="UTF-8"?>
<!-- Generated by org.testng.reporters.JUnitReportReporter -->
<testsuite hostname="reeja-PC" name="com.webdrivers.Dropdown" tests="1" failures="0" timestamp="14 Jul 2021 16:53:40 GMT" time="8.568" errors="0">
  <testcase name="dropdownscript" time="8.568" classname="com.webdrivers.Dropdown"/>
</testsuite> <!-- com.webdrivers.Dropdown -->
