<?xml version="1.0" encoding="UTF-8"?>
<!-- Generated by org.testng.reporters.JUnitReportReporter -->
<testsuite hostname="reeja-PC" name="com.webdrivers.Radiobuttons" tests="1" failures="0" timestamp="14 Jul 2021 17:17:02 GMT" time="11.364" errors="0">
  <testcase name="radiobuttonscript" time="11.364" classname="com.webdrivers.Radiobuttons"/>
</testsuite> <!-- com.webdrivers.Radiobuttons -->
