<?xml version="1.0" encoding="UTF-8"?>
<!-- Generated by org.testng.reporters.JUnitReportReporter -->
<testsuite hostname="reeja-PC" name="com.webdrivers.WindowTest" tests="1" failures="0" timestamp="16 Jul 2021 17:10:28 GMT" time="29.891" errors="0">
  <testcase name="windowscript" time="29.891" classname="com.webdrivers.WindowTest"/>
</testsuite> <!-- com.webdrivers.WindowTest -->
