<?xml version="1.0" encoding="UTF-8"?>
<!-- Generated by org.testng.reporters.JUnitReportReporter -->
<testsuite hostname="reeja-PC" name="com.webdrivers.Button" tests="1" failures="0" timestamp="14 Jul 2021 10:38:45 GMT" time="10.516" errors="0">
  <testcase name="buttonscript" time="10.516" classname="com.webdrivers.Button"/>
</testsuite> <!-- com.webdrivers.Button -->
