<?xml version="1.0" encoding="UTF-8"?>
<!-- Generated by org.testng.reporters.JUnitReportReporter -->
<testsuite hostname="reeja-PC" name="com.webdrivers.Test1" tests="1" failures="0" timestamp="14 Jul 2021 10:08:28 GMT" time="8.582" errors="0">
  <testcase name="script1" time="8.582" classname="com.webdrivers.Test1"/>
</testsuite> <!-- com.webdrivers.Test1 -->
