<?xml version="1.0" encoding="UTF-8"?>
<!-- Generated by org.testng.reporters.JUnitReportReporter -->
<testsuite hostname="reeja-PC" name="com.webdrivers.BasicCommands" tests="1" failures="0" timestamp="16 Jul 2021 14:05:26 GMT" time="12.826" errors="0">
  <testcase name="commands" time="12.826" classname="com.webdrivers.BasicCommands"/>
</testsuite> <!-- com.webdrivers.BasicCommands -->
