<?xml version="1.0" encoding="UTF-8"?>
<!-- Generated by org.testng.reporters.JUnitReportReporter -->
<testsuite hostname="reeja-PC" name="com.webdrivers.ActionTest" tests="1" failures="0" timestamp="19 Jul 2021 07:25:34 GMT" time="5.819" errors="0">
  <testcase name="framescript" time="5.819" classname="com.webdrivers.ActionTest"/>
</testsuite> <!-- com.webdrivers.ActionTest -->
