<?xml version="1.0" encoding="UTF-8"?>
<!-- Generated by org.testng.reporters.JUnitReportReporter -->
<testsuite hostname="reeja-PC" name="com.webdrivers.WindowHandling" tests="1" failures="0" timestamp="16 Jul 2021 16:58:51 GMT" time="10.189" errors="0">
  <testcase name="windowscript" time="10.189" classname="com.webdrivers.WindowHandling"/>
</testsuite> <!-- com.webdrivers.WindowHandling -->
