<?xml version="1.0" encoding="UTF-8"?>
<!-- Generated by org.testng.reporters.JUnitReportReporter -->
<testsuite hostname="reeja-PC" name="com.webdrivers.Test2" tests="1" failures="0" timestamp="15 Jul 2021 07:17:41 GMT" time="7.735" errors="0">
  <testcase name="popupscript" time="7.735" classname="com.webdrivers.Test2"/>
</testsuite> <!-- com.webdrivers.Test2 -->
