<?xml version="1.0" encoding="UTF-8"?>
<!-- Generated by org.testng.reporters.JUnitReportReporter -->
<testsuite hostname="reeja-PC" name="com.webdrivers.FrameHandling" tests="1" failures="0" timestamp="20 Jul 2021 09:02:29 GMT" time="7.957" errors="0">
  <testcase name="framescript" time="7.957" classname="com.webdrivers.FrameHandling"/>
</testsuite> <!-- com.webdrivers.FrameHandling -->
