<?xml version="1.0" encoding="UTF-8"?>
<!-- Generated by org.testng.reporters.JUnitReportReporter -->
<testsuite hostname="reeja-PC" name="com.webdrivers.Hyperlink" tests="1" failures="0" timestamp="19 Jul 2021 08:35:29 GMT" time="15.065" errors="0">
  <testcase name="hyperlinkscript" time="15.065" classname="com.webdrivers.Hyperlink"/>
</testsuite> <!-- com.webdrivers.Hyperlink -->
