<?xml version="1.0" encoding="UTF-8"?>
<!-- Generated by org.testng.reporters.JUnitReportReporter -->
<testsuite hostname="reeja-PC" name="com.webdrivers.NavigateTest" tests="1" failures="0" timestamp="16 Jul 2021 16:57:24 GMT" time="17.440" errors="0">
  <testcase name="commands1" time="17.440" classname="com.webdrivers.NavigateTest"/>
</testsuite> <!-- com.webdrivers.NavigateTest -->
