<?xml version="1.0" encoding="UTF-8"?>
<!-- Generated by org.testng.reporters.JUnitReportReporter -->
<testsuite hostname="reeja-PC" name="com.webdrivers.TestWebdriverWait" tests="1" failures="0" timestamp="17 Jul 2021 06:52:56 GMT" time="20.896" errors="0">
  <testcase name="testwaitscript" time="20.896" classname="com.webdrivers.TestWebdriverWait"/>
</testsuite> <!-- com.webdrivers.TestWebdriverWait -->
