<?xml version="1.0" encoding="UTF-8"?>
<!-- Generated by org.testng.reporters.JUnitReportReporter -->
<testsuite hostname="reeja-PC" name="com.webdriver.Javascriptexecutor4" tests="1" failures="0" timestamp="21 Jul 2021 12:59:11 GMT" time="14.973" errors="0">
  <testcase name="script" time="14.973" classname="com.webdriver.Javascriptexecutor4"/>
</testsuite> <!-- com.webdriver.Javascriptexecutor4 -->
