<?xml version="1.0" encoding="UTF-8"?>
<!-- Generated by org.testng.reporters.JUnitReportReporter -->
<testsuite hostname="reeja-PC" name="com.webdriver.Ordered_list" tests="1" failures="0" timestamp="20 Jul 2021 09:38:53 GMT" time="8.363" errors="0">
  <testcase name="orderedlist" time="8.363" classname="com.webdriver.Ordered_list"/>
</testsuite> <!-- com.webdriver.Ordered_list -->
