<?xml version="1.0" encoding="UTF-8"?>
<!-- Generated by org.testng.reporters.JUnitReportReporter -->
<testsuite hostname="reeja-PC" name="com.webdriver.UnorderedlistDemo" tests="1" failures="0" timestamp="21 Jul 2021 06:37:20 GMT" time="12.065" errors="0">
  <testcase name="testwaitscript" time="12.065" classname="com.webdriver.UnorderedlistDemo"/>
</testsuite> <!-- com.webdriver.UnorderedlistDemo -->
