<?xml version="1.0" encoding="UTF-8"?>
<!-- Generated by org.testng.reporters.JUnitReportReporter -->
<testsuite hostname="reeja-PC" name="com.webdriver.GetCoockieDemo" tests="1" failures="0" timestamp="25 Jul 2021 13:27:43 GMT" time="17.020" errors="0">
  <testcase name="script" time="17.020" classname="com.webdriver.GetCoockieDemo"/>
</testsuite> <!-- com.webdriver.GetCoockieDemo -->
