<?xml version="1.0" encoding="UTF-8"?>
<!-- Generated by org.testng.reporters.JUnitReportReporter -->
<testsuite hostname="reeja-PC" name="com.webdriver.DeleteCoockie" tests="1" failures="0" timestamp="25 Jul 2021 15:10:02 GMT" time="16.153" errors="0">
  <testcase name="script" time="16.153" classname="com.webdriver.DeleteCoockie"/>
</testsuite> <!-- com.webdriver.DeleteCoockie -->
