<?xml version="1.0" encoding="UTF-8"?>
<!-- Generated by org.testng.reporters.JUnitReportReporter -->
<testsuite hostname="reeja-PC" name="com.webdriver.TooltipTest" tests="1" failures="0" timestamp="24 Jul 2021 14:46:20 GMT" time="7.694" errors="0">
  <testcase name="script" time="7.694" classname="com.webdriver.TooltipTest"/>
</testsuite> <!-- com.webdriver.TooltipTest -->
