<?xml version="1.0" encoding="UTF-8"?>
<!-- Generated by org.testng.reporters.JUnitReportReporter -->
<testsuite hostname="reeja-PC" name="com.webdriver.Javascriptexecutor2" tests="1" failures="0" timestamp="21 Jul 2021 10:43:05 GMT" time="10.588" errors="0">
  <testcase name="script" time="10.588" classname="com.webdriver.Javascriptexecutor2"/>
</testsuite> <!-- com.webdriver.Javascriptexecutor2 -->
