<?xml version="1.0" encoding="UTF-8"?>
<!-- Generated by org.testng.reporters.JUnitReportReporter -->
<testsuite hostname="reeja-PC" name="com.webdriver.Javascriptexecutor" tests="1" failures="0" timestamp="21 Jul 2021 10:08:58 GMT" time="15.748" errors="0">
  <testcase name="script" time="15.748" classname="com.webdriver.Javascriptexecutor"/>
</testsuite> <!-- com.webdriver.Javascriptexecutor -->
