<?xml version="1.0" encoding="UTF-8"?>
<!-- Generated by org.testng.reporters.JUnitReportReporter -->
<testsuite hostname="reeja-PC" name="com.webdriver.UnorderedList" tests="1" failures="0" timestamp="20 Jul 2021 12:47:14 GMT" time="15.640" errors="0">
  <testcase name="unorderedlist" time="15.640" classname="com.webdriver.UnorderedList"/>
</testsuite> <!-- com.webdriver.UnorderedList -->
