<?xml version="1.0" encoding="UTF-8"?>
<!-- Generated by org.testng.reporters.JUnitReportReporter -->
<testsuite hostname="reeja-PC" name="com.webdriver.Fileupload" tests="1" failures="0" timestamp="26 Jul 2021 06:16:23 GMT" time="31.413" errors="0">
  <testcase name="script" time="31.413" classname="com.webdriver.Fileupload"/>
</testsuite> <!-- com.webdriver.Fileupload -->
