<?xml version="1.0" encoding="UTF-8"?>
<!-- Generated by org.testng.reporters.JUnitReportReporter -->
<testsuite hostname="reeja-PC" name="com.webdriver.Robotclass" tests="1" failures="0" timestamp="20 Jul 2021 14:16:42 GMT" time="9.807" errors="0">
  <testcase name="popupscript1" time="9.807" classname="com.webdriver.Robotclass"/>
</testsuite> <!-- com.webdriver.Robotclass -->
