<?xml version="1.0" encoding="UTF-8"?>
<!-- Generated by org.testng.reporters.JUnitReportReporter -->
<testsuite hostname="reeja-PC" name="com.webdriver.Addingcoockie" tests="1" failures="0" timestamp="23 Jul 2021 12:39:20 GMT" time="11.598" errors="0">
  <testcase name="script1" time="11.598" classname="com.webdriver.Addingcoockie"/>
</testsuite> <!-- com.webdriver.Addingcoockie -->
