<?xml version="1.0" encoding="UTF-8"?>
<!-- Generated by org.testng.reporters.JUnitReportReporter -->
<testsuite hostname="reeja-PC" name="com.webdriver.ExcelWrite" tests="1" failures="0" timestamp="22 Jul 2021 09:29:20 GMT" time="5.028" errors="0">
  <testcase name="script" time="5.028" classname="com.webdriver.ExcelWrite"/>
</testsuite> <!-- com.webdriver.ExcelWrite -->
