<?xml version="1.0" encoding="UTF-8"?>
<!-- Generated by org.testng.reporters.JUnitReportReporter -->
<testsuite hostname="reeja-PC" name="com.webdriver.Javascriptexecutor3" tests="1" failures="0" timestamp="21 Jul 2021 11:44:08 GMT" time="17.702" errors="0">
  <testcase name="script" time="17.702" classname="com.webdriver.Javascriptexecutor3"/>
</testsuite> <!-- com.webdriver.Javascriptexecutor3 -->
