<?xml version="1.0" encoding="UTF-8"?>
<!-- Generated by org.testng.reporters.JUnitReportReporter -->
<testsuite hostname="reeja-PC" name="com.webdriver.Property" tests="1" failures="0" timestamp="24 Jul 2021 14:54:14 GMT" time="4.199" errors="0">
  <testcase name="script" time="4.199" classname="com.webdriver.Property"/>
</testsuite> <!-- com.webdriver.Property -->
