<?xml version="1.0" encoding="UTF-8"?>
<!-- Generated by org.testng.reporters.JUnitReportReporter -->
<testsuite hostname="reeja-PC" name="functionality.Login" tests="1" failures="0" timestamp="21 Jul 2021 09:08:57 GMT" time="9.990" errors="0">
  <testcase name="search" time="9.990" classname="functionality.Login"/>
</testsuite> <!-- functionality.Login -->
