<?xml version="1.0" encoding="UTF-8"?>
<!-- Generated by org.testng.reporters.JUnitReportReporter -->
<testsuite hostname="reeja-PC" name="com.webdriver.Javascriptexecutor1" tests="1" failures="0" timestamp="21 Jul 2021 10:18:18 GMT" time="7.135" errors="0">
  <testcase name="script" time="7.135" classname="com.webdriver.Javascriptexecutor1"/>
</testsuite> <!-- com.webdriver.Javascriptexecutor1 -->
