<?xml version="1.0" encoding="UTF-8"?>
<!-- Generated by org.testng.reporters.JUnitReportReporter -->
<testsuite hostname="reeja-PC" name="com.webdriver.FileDownload" tests="1" failures="0" timestamp="26 Jul 2021 05:59:31 GMT" time="8.419" errors="0">
  <testcase name="script" time="8.419" classname="com.webdriver.FileDownload"/>
</testsuite> <!-- com.webdriver.FileDownload -->
